<?xml version="1.0" encoding="UTF-8"?>
<!-- Generated by org.testng.reporters.JUnitReportReporter -->
<testsuite hostname="DESKTOP-BUF84LU" failures="0" tests="1" name="com.norka.scripts.TestClass10" time="0.902" errors="0" timestamp="2022-06-20T10:07:00 IST" skipped="0">
  <testcase classname="com.norka.scripts.TestClass10" name="verifyvalidlogin" time="0.902"/>
  <system-out/>
</testsuite> <!-- com.norka.scripts.TestClass10 -->
