<?xml version="1.0" encoding="UTF-8"?>
<!-- Generated by org.testng.reporters.JUnitReportReporter -->
<testsuite hostname="DESKTOP-BUF84LU" failures="0" tests="1" name="com.norka.scripts.TestClass12" time="5.688" errors="0" timestamp="2022-06-20T10:13:13 IST" skipped="0">
  <testcase classname="com.norka.scripts.TestClass12" name="verifyvalidlogin" time="5.688"/>
  <system-out/>
</testsuite> <!-- com.norka.scripts.TestClass12 -->
