<?xml version="1.0" encoding="UTF-8"?>
<!-- Generated by org.testng.reporters.JUnitReportReporter -->
<testsuite hostname="DESKTOP-BUF84LU" failures="0" tests="1" name="com.norka.scripts.TestClass9" time="11.097" errors="0" timestamp="2022-06-21T09:35:50 IST" skipped="0">
  <testcase classname="com.norka.scripts.TestClass9" name="verifyvalidlogin" time="11.097"/>
  <system-out/>
</testsuite> <!-- com.norka.scripts.TestClass9 -->
