<?xml version="1.0" encoding="UTF-8"?>
<!-- Generated by org.testng.reporters.JUnitReportReporter -->
<testsuite hostname="DESKTOP-BUF84LU" failures="0" tests="1" name="com.norka.scripts.TestClass3" time="12.691" errors="0" timestamp="2022-08-17T18:46:21 IST" skipped="0">
  <testcase classname="com.norka.scripts.TestClass3" name="verifyvalidlogin" time="12.691"/>
  <system-out/>
</testsuite> <!-- com.norka.scripts.TestClass3 -->
