<?xml version="1.0" encoding="UTF-8"?>
<!-- Generated by org.testng.reporters.JUnitReportReporter -->
<testsuite hostname="DESKTOP-BUF84LU" failures="0" tests="1" name="com.norka.scripts.TestClass18" time="0.708" errors="0" timestamp="2022-06-20T10:43:21 IST" skipped="0">
  <testcase classname="com.norka.scripts.TestClass18" name="verifyvalidlogin" time="0.708"/>
  <system-out/>
</testsuite> <!-- com.norka.scripts.TestClass18 -->
