<?xml version="1.0" encoding="UTF-8"?>
<!-- Generated by org.testng.reporters.JUnitReportReporter -->
<testsuite hostname="DESKTOP-BUF84LU" failures="0" tests="1" name="com.norka.scripts.TestClass5" time="13.094" errors="0" timestamp="2022-08-17T19:32:32 IST" skipped="0">
  <testcase classname="com.norka.scripts.TestClass5" name="verifyvalidlogin" time="13.094"/>
  <system-out/>
</testsuite> <!-- com.norka.scripts.TestClass5 -->
