<?xml version="1.0" encoding="UTF-8"?>
<!-- Generated by org.testng.reporters.JUnitReportReporter -->
<testsuite hostname="DESKTOP-BUF84LU" failures="0" tests="1" name="com.norka.scripts.TestClass7" time="12.527" errors="0" timestamp="2022-08-17T20:13:19 IST" skipped="0">
  <testcase classname="com.norka.scripts.TestClass7" name="verifyvalidlogin" time="12.527"/>
  <system-out/>
</testsuite> <!-- com.norka.scripts.TestClass7 -->
