<?xml version="1.0" encoding="UTF-8"?>
<!-- Generated by org.testng.reporters.JUnitReportReporter -->
<testsuite hostname="DESKTOP-BUF84LU" failures="0" tests="1" name="com.norka.scripts.TestClass4" time="15.594" errors="0" timestamp="2022-08-17T19:11:50 IST" skipped="0">
  <testcase classname="com.norka.scripts.TestClass4" name="verifyvalidlogin" time="15.594"/>
  <system-out/>
</testsuite> <!-- com.norka.scripts.TestClass4 -->
