<?xml version="1.0" encoding="UTF-8"?>
<!-- Generated by org.testng.reporters.JUnitReportReporter -->
<testsuite hostname="DESKTOP-BUF84LU" failures="0" tests="1" name="com.norka.scripts.TestClass" time="0.570" errors="0" timestamp="2022-06-19T08:19:23 IST" skipped="0">
  <testcase classname="com.norka.scripts.TestClass" name="verifyvalidlogin" time="0.570"/>
  <system-out/>
</testsuite> <!-- com.norka.scripts.TestClass -->
