<?xml version="1.0" encoding="UTF-8"?>
<!-- Generated by org.testng.reporters.JUnitReportReporter -->
<testsuite hostname="DESKTOP-KNUVQ1L" failures="0" tests="1" name="com.norka.scripts.TestClass1" time="34.777" errors="0" timestamp="2022-09-08T16:38:07 IST" skipped="0">
  <testcase classname="com.norka.scripts.TestClass1" name="verifyvalidlogin" time="34.777"/>
  <system-out/>
</testsuite> <!-- com.norka.scripts.TestClass1 -->
