<?xml version="1.0" encoding="UTF-8"?>
<!-- Generated by org.testng.reporters.JUnitReportReporter -->
<testsuite hostname="DESKTOP-BUF84LU" failures="0" tests="1" name="com.norka.scripts.TestClass15" time="11.068" errors="0" timestamp="2022-06-21T09:32:37 IST" skipped="0">
  <testcase classname="com.norka.scripts.TestClass15" name="verifyvalidlogin" time="11.068"/>
  <system-out/>
</testsuite> <!-- com.norka.scripts.TestClass15 -->
