<?xml version="1.0" encoding="UTF-8"?>
<!-- Generated by org.testng.reporters.JUnitReportReporter -->
<testsuite hostname="DESKTOP-BUF84LU" failures="0" tests="1" name="com.norka.scripts.TestClass11" time="1.178" errors="0" timestamp="2022-06-20T10:10:40 IST" skipped="0">
  <testcase classname="com.norka.scripts.TestClass11" name="verifyvalidlogin" time="1.178"/>
  <system-out/>
</testsuite> <!-- com.norka.scripts.TestClass11 -->
