<?xml version="1.0" encoding="UTF-8"?>
<!-- Generated by org.testng.reporters.JUnitReportReporter -->
<testsuite hostname="DESKTOP-BUF84LU" failures="0" tests="1" name="com.norka.scripts.TestClass17" time="0.688" errors="0" timestamp="2022-06-20T10:41:12 IST" skipped="0">
  <testcase classname="com.norka.scripts.TestClass17" name="verifyvalidlogin" time="0.688"/>
  <system-out/>
</testsuite> <!-- com.norka.scripts.TestClass17 -->
